<?xml version="1.0" encoding="UTF-8"?>
<!-- Generated by org.testng.reporters.JUnitReportReporter -->
<testsuite skipped="0" hostname="Naresh" name="ClassWorkMaven.TestNG.Groups" tests="2" failures="0" timestamp="2019-12-14T16:35:02 IST" time="0.045" errors="0">
  <testcase name="sanitytesting1" time="0.040" classname="ClassWorkMaven.TestNG.Groups"/>
  <testcase name="IntegrationTesting1" time="0.005" classname="ClassWorkMaven.TestNG.Groups"/>
</testsuite> <!-- ClassWorkMaven.TestNG.Groups -->
