<?xml version="1.0" encoding="UTF-8"?>
<!-- Generated by org.testng.reporters.JUnitReportReporter -->
<testsuite skipped="0" hostname="Naresh" name="ClassWorkMaven.TestNG.TestNGClass" tests="1" failures="0" timestamp="2019-12-14T14:26:24 IST" time="0.016" errors="0">
  <testcase name="testmethod" time="0.016" classname="ClassWorkMaven.TestNG.TestNGClass"/>
</testsuite> <!-- ClassWorkMaven.TestNG.TestNGClass -->
