<?xml version="1.0" encoding="UTF-8"?>
<!-- Generated by org.testng.reporters.JUnitReportReporter -->
<testsuite skipped="1" hostname="Naresh" name="ClassWorkMaven.TestNG.HRMTestNG" tests="3" failures="0" timestamp="2019-12-15T18:29:39 IST" time="9.560" errors="0">
  <testcase name="userSignOut" time="4.541" classname="ClassWorkMaven.TestNG.HRMTestNG"/>
  <testcase name="signIn" time="5.019" classname="ClassWorkMaven.TestNG.HRMTestNG"/>
  <testcase name="userSearch" classname="ClassWorkMaven.TestNG.HRMTestNG">
    <skipped/>
  </testcase> <!-- userSearch -->
</testsuite> <!-- ClassWorkMaven.TestNG.HRMTestNG -->
