<?xml version="1.0" encoding="UTF-8"?>
<!-- Generated by org.testng.reporters.JUnitReportReporter -->
<testsuite skipped="0" hostname="Naresh" name="ClassWorkMaven.TestNG.AutomationTestNG" tests="4" failures="0" timestamp="2019-12-08T14:38:58 IST" time="0.064" errors="0">
  <testcase name="testmethod1" time="0.031" classname="ClassWorkMaven.TestNG.AutomationTestNG"/>
  <testcase name="testmethod" time="0.015" classname="ClassWorkMaven.TestNG.AutomationTestNG"/>
  <testcase name="testmethod3" time="0.018" classname="ClassWorkMaven.TestNG.AutomationTestNG"/>
  <testcase name="testmethod2" time="0.000" classname="ClassWorkMaven.TestNG.AutomationTestNG"/>
</testsuite> <!-- ClassWorkMaven.TestNG.AutomationTestNG -->
